<?xml version="1.0" encoding="UTF-8"?>
<!-- Generated by org.testng.reporters.JUnitReportReporter -->
<testsuite hostname="del1-lhp-40604" name="com.ibatis.demo.TestiBatisMain" tests="1" failures="0" timestamp="1 Dec 2015 14:01:44 GMT" time="0.310" errors="0">
  <testcase name="testDeleteQueryUsingiBatis" time="0.310" classname="com.ibatis.demo.TestiBatisMain"/>
</testsuite> <!-- com.ibatis.demo.TestiBatisMain -->
