<?xml version="1.0" encoding="UTF-8"?>
<!-- Generated by org.testng.reporters.JUnitReportReporter -->
<testsuite hostname="del1-lhp-40604" name="com.ibatis.demo.TestiBatisMain" tests="1" failures="0" timestamp="2 Mar 2017 13:40:01 GMT" time="4.276" errors="0">
  <testcase name="testDeleteQueryUsingiBatis" time="4.276" classname="com.ibatis.demo.TestiBatisMain"/>
</testsuite> <!-- com.ibatis.demo.TestiBatisMain -->
